view's UpdateUserDetails raised exception during schema generation; use `getattr(self, 'swagger_fake_view', False)` to detect and short-circuit this
Traceback (most recent call last):
  File "D:\ArograD\venv\lib\site-packages\drf_yasg\inspectors\base.py", line 42, in call_view_method
    return view_method()
  File "D:\ArograD\venv\lib\site-packages\rest_framework\generics.py", line 63, in get_queryset
    assert self.queryset is not None, (
AssertionError: 'UpdateUserDetails' should either include a `queryset` attribute, or override the `get_queryset()` method.
Unauthorized: /allauth/api/GetSectionListAPI
HTTP GET /allauth/api/GetSectionListAPI 401 [0.01, 127.0.0.1:53449]
view's UpdateUserDetails raised exception during schema generation; use `getattr(self, 'swagger_fake_view', False)` to detect and short-circuit this
Traceback (most recent call last):
  File "D:\ArograD\venv\lib\site-packages\drf_yasg\inspectors\base.py", line 42, in call_view_method
    return view_method()
  File "D:\ArograD\venv\lib\site-packages\rest_framework\generics.py", line 63, in get_queryset
    assert self.queryset is not None, (
AssertionError: 'UpdateUserDetails' should either include a `queryset` attribute, or override the `get_queryset()` method.
Unauthorized: /allauth/api/GetSectionListAPI
HTTP GET /allauth/api/GetSectionListAPI 401 [0.01, 127.0.0.1:53875]
view's UpdateUserDetails raised exception during schema generation; use `getattr(self, 'swagger_fake_view', False)` to detect and short-circuit this
Traceback (most recent call last):
  File "D:\ArograD\venv\lib\site-packages\drf_yasg\inspectors\base.py", line 42, in call_view_method
    return view_method()
  File "D:\ArograD\venv\lib\site-packages\rest_framework\generics.py", line 63, in get_queryset
    assert self.queryset is not None, (
AssertionError: 'UpdateUserDetails' should either include a `queryset` attribute, or override the `get_queryset()` method.
view's UpdateUserDetails raised exception during schema generation; use `getattr(self, 'swagger_fake_view', False)` to detect and short-circuit this
Traceback (most recent call last):
  File "D:\ArograD\venv\lib\site-packages\drf_yasg\inspectors\base.py", line 42, in call_view_method
    return view_method()
  File "D:\ArograD\venv\lib\site-packages\rest_framework\generics.py", line 63, in get_queryset
    assert self.queryset is not None, (
AssertionError: 'UpdateUserDetails' should either include a `queryset` attribute, or override the `get_queryset()` method.
view's UpdateUserDetails raised exception during schema generation; use `getattr(self, 'swagger_fake_view', False)` to detect and short-circuit this
Traceback (most recent call last):
  File "D:\ArograD\venv\lib\site-packages\drf_yasg\inspectors\base.py", line 42, in call_view_method
    return view_method()
  File "D:\ArograD\venv\lib\site-packages\rest_framework\generics.py", line 63, in get_queryset
    assert self.queryset is not None, (
AssertionError: 'UpdateUserDetails' should either include a `queryset` attribute, or override the `get_queryset()` method.
Unauthorized: /allauth/api/GetSectionListAPI
HTTP GET /allauth/api/GetSectionListAPI 401 [0.01, 127.0.0.1:55450]
